0 info it worked if it ends with ok
1 verbose cli [ '/Users/bbrock/.nvm/versions/node/v6.7.0/bin/node',
1 verbose cli   '/Users/bbrock/.nvm/versions/node/v6.7.0/bin/npm',
1 verbose cli   'run',
1 verbose cli   'test',
1 verbose cli   '--',
1 verbose cli   'Profile' ]
2 info using npm@3.10.3
3 info using node@v6.7.0
4 verbose run-script [ 'pretest', 'test', 'posttest' ]
5 info lifecycle react-for-designers@1.0.0~pretest: react-for-designers@1.0.0
6 silly lifecycle react-for-designers@1.0.0~pretest: no script for pretest, continuing
7 info lifecycle react-for-designers@1.0.0~test: react-for-designers@1.0.0
8 verbose lifecycle react-for-designers@1.0.0~test: unsafe-perm in lifecycle true
9 verbose lifecycle react-for-designers@1.0.0~test: PATH: /Users/bbrock/.nvm/versions/node/v6.7.0/lib/node_modules/npm/bin/node-gyp-bin:/Users/bbrock/SpartanSystems/react-for-designers/node_modules/.bin:/Users/bbrock/.nvm/versions/node/v6.7.0/bin:/Users/bbrock/.themekit:/usr/local/bin/terraform:/Users/bbrock/.nvm/versions/node/v6.7.0/bin:/Users/bbrock/.rvm/gems/ruby-2.4.0/bin:/Users/bbrock/.rvm/gems/ruby-2.4.0@global/bin:/Users/bbrock/.rvm/rubies/ruby-2.4.0/bin:/users/bbrock/gocode/bin:/usr/bin/env:/usr/local/Cellar/:/Users/bbrock/bin:/usr/local/bin:/usr/local/bin:/usr/bin:/bin:/usr/sbin:/sbin:/opt/X11/bin:/usr/local/go/bin:.git/safe/../../bin:/Users/bbrock/.bin:/usr/local/sbin:/Users/bbrock/.themekit:/usr/local/bin/terraform:/Users/bbrock/.rvm/gems/ruby-2.4.0/bin:/Users/bbrock/.rvm/gems/ruby-2.4.0@global/bin:/Users/bbrock/.rvm/rubies/ruby-2.4.0/bin:/users/bbrock/gocode/bin:/usr/bin/env:/usr/local/Cellar/:/Users/bbrock/bin:/Users/bbrock/.rvm/bin:/usr/local/opt/hop/bin:/usr/local/sbin:/usr/local/opt/hop/bin:/Users/bbrock/.rvm/bin
10 verbose lifecycle react-for-designers@1.0.0~test: CWD: /Users/bbrock/SpartanSystems/react-for-designers
11 silly lifecycle react-for-designers@1.0.0~test: Args: [ '-c', 'jest -c jestConfig.json "Profile"' ]
12 silly lifecycle react-for-designers@1.0.0~test: Returned: code: 1  signal: null
13 info lifecycle react-for-designers@1.0.0~test: Failed to exec test script
14 verbose stack Error: react-for-designers@1.0.0 test: `jest -c jestConfig.json "Profile"`
14 verbose stack Exit status 1
14 verbose stack     at EventEmitter.<anonymous> (/Users/bbrock/.nvm/versions/node/v6.7.0/lib/node_modules/npm/lib/utils/lifecycle.js:242:16)
14 verbose stack     at emitTwo (events.js:106:13)
14 verbose stack     at EventEmitter.emit (events.js:191:7)
14 verbose stack     at ChildProcess.<anonymous> (/Users/bbrock/.nvm/versions/node/v6.7.0/lib/node_modules/npm/lib/utils/spawn.js:40:14)
14 verbose stack     at emitTwo (events.js:106:13)
14 verbose stack     at ChildProcess.emit (events.js:191:7)
14 verbose stack     at maybeClose (internal/child_process.js:877:16)
14 verbose stack     at Process.ChildProcess._handle.onexit (internal/child_process.js:226:5)
15 verbose pkgid react-for-designers@1.0.0
16 verbose cwd /Users/bbrock/SpartanSystems/react-for-designers
17 error Darwin 15.4.0
18 error argv "/Users/bbrock/.nvm/versions/node/v6.7.0/bin/node" "/Users/bbrock/.nvm/versions/node/v6.7.0/bin/npm" "run" "test" "--" "Profile"
19 error node v6.7.0
20 error npm  v3.10.3
21 error code ELIFECYCLE
22 error react-for-designers@1.0.0 test: `jest -c jestConfig.json "Profile"`
22 error Exit status 1
23 error Failed at the react-for-designers@1.0.0 test script 'jest -c jestConfig.json "Profile"'.
23 error Make sure you have the latest version of node.js and npm installed.
23 error If you do, this is most likely a problem with the react-for-designers package,
23 error not with npm itself.
23 error Tell the author that this fails on your system:
23 error     jest -c jestConfig.json "Profile"
23 error You can get information on how to open an issue for this project with:
23 error     npm bugs react-for-designers
23 error Or if that isn't available, you can get their info via:
23 error     npm owner ls react-for-designers
23 error There is likely additional logging output above.
24 verbose exit [ 1, true ]
